Running: D:\ISEDE\14.7\ISE_DS\ISE\bin\nt64\unwrapped\fuse.exe -intstyle ise -incremental -lib secureip -o C:/Users/Windows 10/Documents/GitHub/Architecture_Project/rg_tb_isim_beh.exe -prj C:/Users/Windows 10/Documents/GitHub/Architecture_Project/rg_tb_beh.prj work.rg_tb 
ISim P.20131013 (signature 0x7708f090)
Number of CPUs detected in this system: 4
Turning on mult-threading, number of parallel sub-compilation jobs: 8 
Determining compilation order of HDL files
Parsing VHDL file "C:/Users/Windows 10/Documents/GitHub/Architecture_Project/random_generator.vhd" into library work
Parsing VHDL file "C:/Users/Windows 10/Documents/GitHub/Architecture_Project/rg_tb.vhd" into library work
Starting static elaboration
Completed static elaboration
Compiling package standard
Compiling package std_logic_1164
Compiling package numeric_std
Compiling architecture behavioral of entity random_generator [random_generator_default]
Compiling architecture behavior of entity rg_tb
Time Resolution for simulation is 1ps.
Waiting for 1 sub-compilation(s) to finish...
Compiled 6 VHDL Units
Built simulation executable C:/Users/Windows 10/Documents/GitHub/Architecture_Project/rg_tb_isim_beh.exe
Fuse Memory Usage: 35368 KB
Fuse CPU Usage: 515 ms
