ISim log file
<<<<<<< HEAD
Running: D:\Ali Yazdi\Documents\GitHub\Architecture_Project\stb_isim_beh.exe -intstyle ise -gui -tclbatch isim.cmd -wdb D:/Ali Yazdi/Documents/GitHub/Architecture_Project/stb_isim_beh.wdb 
=======
Running: C:\Users\Windows 10\Documents\GitHub\Architecture_Project\tc_tb_isim_beh.exe -intstyle ise -gui -tclbatch isim.cmd -wdb C:/Users/Windows 10/Documents/GitHub/Architecture_Project/tc_tb_isim_beh.wdb 
>>>>>>> origin/master
ISim P.20131013 (signature 0x7708f090)
This is a Full version of ISim.
Time resolution is 1 ps
# onerror resume
# wave add /
# run 1000 ns
Simulator is doing circuit initialization process.
<<<<<<< HEAD
at 0 ps, Instance /stb/uut/mydatapath/mregister_files/ : Warning: NUMERIC_STD.TO_INTEGER: metavalue detected, returning 0
at 0 ps, Instance /stb/uut/mydatapath/mregister_files/ : Warning: NUMERIC_STD.TO_INTEGER: metavalue detected, returning 0
Finished circuit initialization process.
at 0 ps, Instance /stb/uut/mydatapath/mregister_files/ : Warning: NUMERIC_STD.TO_INTEGER: metavalue detected, returning 0
at 0 ps, Instance /stb/uut/mydatapath/mregister_files/ : Warning: NUMERIC_STD.TO_INTEGER: metavalue detected, returning 0
at 5 ns(1), Instance /stb/uut/mydatapath/mregister_files/ : Warning: NUMERIC_STD.TO_INTEGER: metavalue detected, returning 0
at 5 ns(1), Instance /stb/uut/mydatapath/mregister_files/ : Warning: NUMERIC_STD.TO_INTEGER: metavalue detected, returning 0
at 15 ns(1), Instance /stb/uut/mydatapath/mregister_files/ : Warning: NUMERIC_STD.TO_INTEGER: metavalue detected, returning 0
at 15 ns(1), Instance /stb/uut/mydatapath/mregister_files/ : Warning: NUMERIC_STD.TO_INTEGER: metavalue detected, returning 0
at 25 ns(1), Instance /stb/uut/mydatapath/mregister_files/ : Warning: NUMERIC_STD.TO_INTEGER: metavalue detected, returning 0
at 25 ns(1), Instance /stb/uut/mydatapath/mregister_files/ : Warning: NUMERIC_STD.TO_INTEGER: metavalue detected, returning 0
at 35 ns(1), Instance /stb/uut/mydatapath/mregister_files/ : Warning: NUMERIC_STD.TO_INTEGER: metavalue detected, returning 0
at 35 ns(1), Instance /stb/uut/mydatapath/mregister_files/ : Warning: NUMERIC_STD.TO_INTEGER: metavalue detected, returning 0
at 45 ns(1), Instance /stb/uut/mydatapath/mregister_files/ : Warning: NUMERIC_STD.TO_INTEGER: metavalue detected, returning 0
at 45 ns(1), Instance /stb/uut/mydatapath/mregister_files/ : Warning: NUMERIC_STD.TO_INTEGER: metavalue detected, returning 0
at 55 ns(1), Instance /stb/uut/mydatapath/mregister_files/ : Warning: NUMERIC_STD.TO_INTEGER: metavalue detected, returning 0
at 55 ns(1), Instance /stb/uut/mydatapath/mregister_files/ : Warning: NUMERIC_STD.TO_INTEGER: metavalue detected, returning 0
at 65 ns(1), Instance /stb/uut/mydatapath/mregister_files/ : Warning: NUMERIC_STD.TO_INTEGER: metavalue detected, returning 0
at 65 ns(1), Instance /stb/uut/mydatapath/mregister_files/ : Warning: NUMERIC_STD.TO_INTEGER: metavalue detected, returning 0
at 75 ns(1), Instance /stb/uut/mydatapath/mregister_files/ : Warning: NUMERIC_STD.TO_INTEGER: metavalue detected, returning 0
at 75 ns(1), Instance /stb/uut/mydatapath/mregister_files/ : Warning: NUMERIC_STD.TO_INTEGER: metavalue detected, returning 0
at 85 ns(1), Instance /stb/uut/mydatapath/mregister_files/ : Warning: NUMERIC_STD.TO_INTEGER: metavalue detected, returning 0
at 85 ns(1), Instance /stb/uut/mydatapath/mregister_files/ : Warning: NUMERIC_STD.TO_INTEGER: metavalue detected, returning 0
at 95 ns(1), Instance /stb/uut/mydatapath/mregister_files/ : Warning: NUMERIC_STD.TO_INTEGER: metavalue detected, returning 0
at 95 ns(1), Instance /stb/uut/mydatapath/mregister_files/ : Warning: NUMERIC_STD.TO_INTEGER: metavalue detected, returning 0
at 105 ns(1), Instance /stb/uut/mydatapath/mregister_files/ : Warning: NUMERIC_STD.TO_INTEGER: metavalue detected, returning 0
at 105 ns(1), Instance /stb/uut/mydatapath/mregister_files/ : Warning: NUMERIC_STD.TO_INTEGER: metavalue detected, returning 0
at 115 ns(1), Instance /stb/uut/mydatapath/mregister_files/ : Warning: NUMERIC_STD.TO_INTEGER: metavalue detected, returning 0
at 115 ns(1), Instance /stb/uut/mydatapath/mregister_files/ : Warning: NUMERIC_STD.TO_INTEGER: metavalue detected, returning 0
at 125 ns(1), Instance /stb/uut/mydatapath/mregister_files/ : Warning: NUMERIC_STD.TO_INTEGER: metavalue detected, returning 0
at 125 ns(1), Instance /stb/uut/mydatapath/mregister_files/ : Warning: NUMERIC_STD.TO_INTEGER: metavalue detected, returning 0
at 135 ns(1), Instance /stb/uut/mydatapath/mregister_files/ : Warning: NUMERIC_STD.TO_INTEGER: metavalue detected, returning 0
at 135 ns(1), Instance /stb/uut/mydatapath/mregister_files/ : Warning: NUMERIC_STD.TO_INTEGER: metavalue detected, returning 0
at 145 ns(1), Instance /stb/uut/mydatapath/mregister_files/ : Warning: NUMERIC_STD.TO_INTEGER: metavalue detected, returning 0
at 145 ns(1), Instance /stb/uut/mydatapath/mregister_files/ : Warning: NUMERIC_STD.TO_INTEGER: metavalue detected, returning 0
at 155 ns(1), Instance /stb/uut/mydatapath/mregister_files/ : Warning: NUMERIC_STD.TO_INTEGER: metavalue detected, returning 0
at 155 ns(1), Instance /stb/uut/mydatapath/mregister_files/ : Warning: NUMERIC_STD.TO_INTEGER: metavalue detected, returning 0
at 165 ns(1), Instance /stb/uut/mydatapath/mregister_files/ : Warning: NUMERIC_STD.TO_INTEGER: metavalue detected, returning 0
at 165 ns(1), Instance /stb/uut/mydatapath/mregister_files/ : Warning: NUMERIC_STD.TO_INTEGER: metavalue detected, returning 0
at 175 ns(1), Instance /stb/uut/mydatapath/mregister_files/ : Warning: NUMERIC_STD.TO_INTEGER: metavalue detected, returning 0
at 175 ns(1), Instance /stb/uut/mydatapath/mregister_files/ : Warning: NUMERIC_STD.TO_INTEGER: metavalue detected, returning 0
at 185 ns(1), Instance /stb/uut/mydatapath/mregister_files/ : Warning: NUMERIC_STD.TO_INTEGER: metavalue detected, returning 0
at 185 ns(1), Instance /stb/uut/mydatapath/mregister_files/ : Warning: NUMERIC_STD.TO_INTEGER: metavalue detected, returning 0
at 195 ns(1), Instance /stb/uut/mydatapath/mregister_files/ : Warning: NUMERIC_STD.TO_INTEGER: metavalue detected, returning 0
at 195 ns(1), Instance /stb/uut/mydatapath/mregister_files/ : Warning: NUMERIC_STD.TO_INTEGER: metavalue detected, returning 0
at 205 ns(1), Instance /stb/uut/mydatapath/mregister_files/ : Warning: NUMERIC_STD.TO_INTEGER: metavalue detected, returning 0
at 205 ns(1), Instance /stb/uut/mydatapath/mregister_files/ : Warning: NUMERIC_STD.TO_INTEGER: metavalue detected, returning 0
at 215 ns(1), Instance /stb/uut/mydatapath/mregister_files/ : Warning: NUMERIC_STD.TO_INTEGER: metavalue detected, returning 0
at 215 ns(1), Instance /stb/uut/mydatapath/mregister_files/ : Warning: NUMERIC_STD.TO_INTEGER: metavalue detected, returning 0
at 225 ns(1), Instance /stb/uut/mydatapath/mregister_files/ : Warning: NUMERIC_STD.TO_INTEGER: metavalue detected, returning 0
at 225 ns(1), Instance /stb/uut/mydatapath/mregister_files/ : Warning: NUMERIC_STD.TO_INTEGER: metavalue detected, returning 0
at 505 ns(1), Instance /stb/uut/mymem/ : Warning: NUMERIC_STD.TO_INTEGER: metavalue detected, returning 0
at 515 ns(1), Instance /stb/uut/mymem/ : Warning: NUMERIC_STD.TO_INTEGER: metavalue detected, returning 0
at 525 ns(1), Instance /stb/uut/mymem/ : Warning: NUMERIC_STD.TO_INTEGER: metavalue detected, returning 0
at 585 ns(1), Instance /stb/uut/mymem/ : Warning: NUMERIC_STD.TO_INTEGER: metavalue detected, returning 0
at 595 ns(1), Instance /stb/uut/mymem/ : Warning: NUMERIC_STD.TO_INTEGER: metavalue detected, returning 0
# restart
# run 1.00us
Simulator is doing circuit initialization process.
at 0 ps, Instance /stb/uut/mydatapath/mregister_files/ : Warning: NUMERIC_STD.TO_INTEGER: metavalue detected, returning 0
at 0 ps, Instance /stb/uut/mydatapath/mregister_files/ : Warning: NUMERIC_STD.TO_INTEGER: metavalue detected, returning 0
Finished circuit initialization process.
at 0 ps, Instance /stb/uut/mydatapath/mregister_files/ : Warning: NUMERIC_STD.TO_INTEGER: metavalue detected, returning 0
at 0 ps, Instance /stb/uut/mydatapath/mregister_files/ : Warning: NUMERIC_STD.TO_INTEGER: metavalue detected, returning 0
at 5 ns(1), Instance /stb/uut/mydatapath/mregister_files/ : Warning: NUMERIC_STD.TO_INTEGER: metavalue detected, returning 0
at 5 ns(1), Instance /stb/uut/mydatapath/mregister_files/ : Warning: NUMERIC_STD.TO_INTEGER: metavalue detected, returning 0
at 15 ns(1), Instance /stb/uut/mydatapath/mregister_files/ : Warning: NUMERIC_STD.TO_INTEGER: metavalue detected, returning 0
at 15 ns(1), Instance /stb/uut/mydatapath/mregister_files/ : Warning: NUMERIC_STD.TO_INTEGER: metavalue detected, returning 0
at 25 ns(1), Instance /stb/uut/mydatapath/mregister_files/ : Warning: NUMERIC_STD.TO_INTEGER: metavalue detected, returning 0
at 25 ns(1), Instance /stb/uut/mydatapath/mregister_files/ : Warning: NUMERIC_STD.TO_INTEGER: metavalue detected, returning 0
at 35 ns(1), Instance /stb/uut/mydatapath/mregister_files/ : Warning: NUMERIC_STD.TO_INTEGER: metavalue detected, returning 0
at 35 ns(1), Instance /stb/uut/mydatapath/mregister_files/ : Warning: NUMERIC_STD.TO_INTEGER: metavalue detected, returning 0
at 45 ns(1), Instance /stb/uut/mydatapath/mregister_files/ : Warning: NUMERIC_STD.TO_INTEGER: metavalue detected, returning 0
at 45 ns(1), Instance /stb/uut/mydatapath/mregister_files/ : Warning: NUMERIC_STD.TO_INTEGER: metavalue detected, returning 0
at 55 ns(1), Instance /stb/uut/mydatapath/mregister_files/ : Warning: NUMERIC_STD.TO_INTEGER: metavalue detected, returning 0
at 55 ns(1), Instance /stb/uut/mydatapath/mregister_files/ : Warning: NUMERIC_STD.TO_INTEGER: metavalue detected, returning 0
at 65 ns(1), Instance /stb/uut/mydatapath/mregister_files/ : Warning: NUMERIC_STD.TO_INTEGER: metavalue detected, returning 0
at 65 ns(1), Instance /stb/uut/mydatapath/mregister_files/ : Warning: NUMERIC_STD.TO_INTEGER: metavalue detected, returning 0
at 75 ns(1), Instance /stb/uut/mydatapath/mregister_files/ : Warning: NUMERIC_STD.TO_INTEGER: metavalue detected, returning 0
at 75 ns(1), Instance /stb/uut/mydatapath/mregister_files/ : Warning: NUMERIC_STD.TO_INTEGER: metavalue detected, returning 0
at 85 ns(1), Instance /stb/uut/mydatapath/mregister_files/ : Warning: NUMERIC_STD.TO_INTEGER: metavalue detected, returning 0
at 85 ns(1), Instance /stb/uut/mydatapath/mregister_files/ : Warning: NUMERIC_STD.TO_INTEGER: metavalue detected, returning 0
at 95 ns(1), Instance /stb/uut/mydatapath/mregister_files/ : Warning: NUMERIC_STD.TO_INTEGER: metavalue detected, returning 0
at 95 ns(1), Instance /stb/uut/mydatapath/mregister_files/ : Warning: NUMERIC_STD.TO_INTEGER: metavalue detected, returning 0
at 105 ns(1), Instance /stb/uut/mydatapath/mregister_files/ : Warning: NUMERIC_STD.TO_INTEGER: metavalue detected, returning 0
at 105 ns(1), Instance /stb/uut/mydatapath/mregister_files/ : Warning: NUMERIC_STD.TO_INTEGER: metavalue detected, returning 0
at 115 ns(1), Instance /stb/uut/mydatapath/mregister_files/ : Warning: NUMERIC_STD.TO_INTEGER: metavalue detected, returning 0
at 115 ns(1), Instance /stb/uut/mydatapath/mregister_files/ : Warning: NUMERIC_STD.TO_INTEGER: metavalue detected, returning 0
at 125 ns(1), Instance /stb/uut/mydatapath/mregister_files/ : Warning: NUMERIC_STD.TO_INTEGER: metavalue detected, returning 0
at 125 ns(1), Instance /stb/uut/mydatapath/mregister_files/ : Warning: NUMERIC_STD.TO_INTEGER: metavalue detected, returning 0
at 135 ns(1), Instance /stb/uut/mydatapath/mregister_files/ : Warning: NUMERIC_STD.TO_INTEGER: metavalue detected, returning 0
at 135 ns(1), Instance /stb/uut/mydatapath/mregister_files/ : Warning: NUMERIC_STD.TO_INTEGER: metavalue detected, returning 0
at 145 ns(1), Instance /stb/uut/mydatapath/mregister_files/ : Warning: NUMERIC_STD.TO_INTEGER: metavalue detected, returning 0
at 145 ns(1), Instance /stb/uut/mydatapath/mregister_files/ : Warning: NUMERIC_STD.TO_INTEGER: metavalue detected, returning 0
at 155 ns(1), Instance /stb/uut/mydatapath/mregister_files/ : Warning: NUMERIC_STD.TO_INTEGER: metavalue detected, returning 0
at 155 ns(1), Instance /stb/uut/mydatapath/mregister_files/ : Warning: NUMERIC_STD.TO_INTEGER: metavalue detected, returning 0
at 165 ns(1), Instance /stb/uut/mydatapath/mregister_files/ : Warning: NUMERIC_STD.TO_INTEGER: metavalue detected, returning 0
at 165 ns(1), Instance /stb/uut/mydatapath/mregister_files/ : Warning: NUMERIC_STD.TO_INTEGER: metavalue detected, returning 0
at 175 ns(1), Instance /stb/uut/mydatapath/mregister_files/ : Warning: NUMERIC_STD.TO_INTEGER: metavalue detected, returning 0
at 175 ns(1), Instance /stb/uut/mydatapath/mregister_files/ : Warning: NUMERIC_STD.TO_INTEGER: metavalue detected, returning 0
at 185 ns(1), Instance /stb/uut/mydatapath/mregister_files/ : Warning: NUMERIC_STD.TO_INTEGER: metavalue detected, returning 0
at 185 ns(1), Instance /stb/uut/mydatapath/mregister_files/ : Warning: NUMERIC_STD.TO_INTEGER: metavalue detected, returning 0
at 195 ns(1), Instance /stb/uut/mydatapath/mregister_files/ : Warning: NUMERIC_STD.TO_INTEGER: metavalue detected, returning 0
at 195 ns(1), Instance /stb/uut/mydatapath/mregister_files/ : Warning: NUMERIC_STD.TO_INTEGER: metavalue detected, returning 0
at 205 ns(1), Instance /stb/uut/mydatapath/mregister_files/ : Warning: NUMERIC_STD.TO_INTEGER: metavalue detected, returning 0
at 205 ns(1), Instance /stb/uut/mydatapath/mregister_files/ : Warning: NUMERIC_STD.TO_INTEGER: metavalue detected, returning 0
at 215 ns(1), Instance /stb/uut/mydatapath/mregister_files/ : Warning: NUMERIC_STD.TO_INTEGER: metavalue detected, returning 0
at 215 ns(1), Instance /stb/uut/mydatapath/mregister_files/ : Warning: NUMERIC_STD.TO_INTEGER: metavalue detected, returning 0
at 225 ns(1), Instance /stb/uut/mydatapath/mregister_files/ : Warning: NUMERIC_STD.TO_INTEGER: metavalue detected, returning 0
at 225 ns(1), Instance /stb/uut/mydatapath/mregister_files/ : Warning: NUMERIC_STD.TO_INTEGER: metavalue detected, returning 0
at 505 ns(1), Instance /stb/uut/mymem/ : Warning: NUMERIC_STD.TO_INTEGER: metavalue detected, returning 0
at 515 ns(1), Instance /stb/uut/mymem/ : Warning: NUMERIC_STD.TO_INTEGER: metavalue detected, returning 0
at 525 ns(1), Instance /stb/uut/mymem/ : Warning: NUMERIC_STD.TO_INTEGER: metavalue detected, returning 0
at 585 ns(1), Instance /stb/uut/mymem/ : Warning: NUMERIC_STD.TO_INTEGER: metavalue detected, returning 0
at 595 ns(1), Instance /stb/uut/mymem/ : Warning: NUMERIC_STD.TO_INTEGER: metavalue detected, returning 0
=======
Finished circuit initialization process.
>>>>>>> origin/master
